[backblue.gif]
[fade.gif]
[index.html]
[cdn.shopify.com/shopifycloud/storefront-recaptcha-v3/v0.6/index.js]
[cdn.shopify.com/s/files/1/1613/0177/t/28/assets/vendor5b2d.js]
[cdn.shopify.com/s/trekkie.storefront.b3ffc0d3163b69e5f990acf63cd65cdbdba0582e.min.js]
[cdn.shopify.com/shopifycloud/boomerang/shopify-boomerang-1.0.0.min.js]
[cdn.shopify.com/s/files/1/1613/0177/t/28/assets/en4d6b.png]
[cdn.shopify.com/s/files/1/1613/0177/t/28/assets/de0989.png]
[cdn.shopify.com/s/files/1/1613/0177/t/28/assets/fr24c6.png]
[cdn.shopify.com/s/files/1/1613/0177/t/28/assets/logo_black_newfb37.png]
[cdn.shopify.com/s/files/1/1613/0109/files/menu-banner7ff2.jpg]
[cdn.shopify.com/s/files/1/1613/0109/files/menu_banner_right_2.png]
[cdn.shopify.com/s/files/1/1613/0177/files/shop13_home_slider10ee1.jpg]
[cdn.shopify.com/s/files/1/1613/0177/files/shop13_home_slider2e70a.jpg]
[cdn.shopify.com/s/files/1/1613/0177/files/shop13_home_banner4.jpg]
[porto-demo13.myshopify.com/index.html]
[cdn.shopify.com/s/files/1/1632/5913/files/shop1_payment_logo.png]
[cdn.shopify.com/s/files/1/1613/0177/t/28/assets/newsletter_bg_imageaa27.jpg]
[cdn.shopify.com/s/files/1/1613/0177/t/28/assets/newsletter_logo9adc.png]
[cdn.shopify.com/s/files/1/1613/0177/t/28/assets/theme-scriptse62a.js]
[cdn.shopify.com/s/files/1/1613/0177/t/28/assets/jquery.elevatezoom.min5c55.js]
[cdn.shopify.com/s/files/1/1613/0177/t/28/assets/theme6851.js]
[cdn.shopify.com/s/files/1/1613/0177/t/28/assets/option_selectionf92b.js]
[cdn.shopify.com/s/files/1/1613/0177/t/28/assets/porto35cb.eot]
[cdn.shopify.com/s/files/1/1613/0177/t/28/assets/porto35cb.woff2]
[cdn.shopify.com/s/files/1/1613/0177/t/28/assets/porto35cb.woff]
[cdn.shopify.com/s/files/1/1613/0177/t/28/assets/porto35cb.ttf]
[cdn.shopify.com/s/files/1/1613/0177/t/28/assets/Simple-Line-Iconsb26c.eot]
[cdn.shopify.com/s/files/1/1613/0177/t/28/assets/fontawesome-webfont93e3.eot]
[cdn.shopify.com/s/files/1/1613/0177/t/28/assets/fontawesome-webfontd41d.eot]
[cdn.shopify.com/s/files/1/1613/0177/t/28/assets/fontawesome-webfont93e3.woff2]
[cdn.shopify.com/s/files/1/1613/0177/t/28/assets/plugins46cc.css]
[cdn.shopify.com/s/files/1/1613/0177/t/28/assets/fontawesome-webfont93e3.woff]
[cdn.shopify.com/s/files/1/1613/0177/t/28/assets/fontawesome-webfont93e3.ttf]
[cdn.shopify.com/s/files/1/1613/0177/t/28/assets/ultramegamenu3a49.css]
[cdn.shopify.com/s/files/1/1613/0177/t/28/assets/fa-brands-400.eot]
[cdn.shopify.com/s/files/1/1613/0177/t/28/assets/fa-brands-400d41d.eot]
[cdn.shopify.com/s/files/1/1613/0177/t/28/assets/fa-brands-400.woff2]
[cdn.shopify.com/s/files/1/1613/0177/t/28/assets/stylese5d2.css]
[cdn.shopify.com/s/files/1/1613/0177/t/28/assets/fa-brands-400.woff]
[cdn.shopify.com/s/files/1/1613/0177/t/28/assets/fa-brands-400.ttf]
[cdn.shopify.com/s/files/1/1613/0177/t/28/assets/header-type1519f.css]
[cdn.shopify.com/s/files/1/1613/0177/t/28/assets/homepage24b2.css]
[cdn.shopify.com/s/files/1/0583/3922/9880/t/5/assets/vo_pixel_light4368.png]
[cdn.shopify.com/s/files/1/1613/0177/t/28/assets/product-list5a59.css]
[cdn.shopify.com/s/files/1/1613/0177/t/28/assets/responsive05a1.css]
[cdn.shopify.com/s/files/1/1613/0177/t/28/assets/config6fdc.css]
[porto-demo13.myshopify.com/de.html]
[porto-demo13.myshopify.com/fr.html]
[cdn.shopify.com/s/files/1/1613/0177/t/28/compiled_assets/stylesaff1.css]
[cdn.shopify.com/s/files/1/1613/0177/t/28/compiled_assets/scriptsaff1.js]
[porto-demo13.myshopify.com/POST.html]
[porto-demo13.myshopify.com/account/login4236.html]
[porto-demo13.myshopify.com/cart.html]
[cdn.shopify.com/shopifycloud/shopify/assets/themes_support/shopify_common-8ea6ac3faf357236a97f5de749df4da6e8436ca107bc3a4ee805cbf08bc47392.js]
[porto-demo13.myshopify.com/account/login.html]
[porto-demo13.myshopify.com/collections/dress.atom]
[porto-demo13.myshopify.com/collections/dress.oembed]
[cdn.shopify.com/s/files/1/1613/0177/t/28/assets/shopify_commonb2ee.js]
[cdn.shopify.com/s/files/1/1613/0177/t/28/assets/jquery.history.min91d0.js]
[cdn.shopify.com/s/files/1/1613/0177/t/28/assets/blackb45c.png]
[cdn.shopify.com/s/files/1/1613/0177/t/28/assets/Simple-Line-Iconsb26c.woff2]
[cdn.shopify.com/s/files/1/1613/0177/t/28/assets/bluee07d.png]
[cdn.shopify.com/s/files/1/1613/0177/t/28/assets/red10cb.png]
[cdn.shopify.com/s/files/1/1613/0177/t/28/assets/whitefce5.png]
[cdn.shopify.com/s/files/1/1613/0177/t/28/assets/collection-filters-form11cb.js]
[porto-demo13.myshopify.com/collections/dress.html]
[porto-demo13.myshopify.com/collections/headphone.atom]
[porto-demo13.myshopify.com/collections/headphone.oembed]
[porto-demo13.myshopify.com/collections/headphone.html]
[porto-demo13.myshopify.com/collections/shoes.atom]
[porto-demo13.myshopify.com/collections/shoes.oembed]
[cdn.shopify.com/s/files/1/1613/0177/t/28/assets/brown6841.png]
[porto-demo13.myshopify.com/collections/shoes.html]
[porto-demo13.myshopify.com/collections/trousers.atom]
[porto-demo13.myshopify.com/collections/trousers.oembed]
[porto-demo13.myshopify.com/collections/trousers.html]
[porto-demo13.myshopify.com/collections/shop.atom]
[porto-demo13.myshopify.com/collections/shop.oembed]
[porto-demo13.myshopify.com/collections/shop.html]
[cdn.shopify.com/s/files/1/1613/0177/t/28/assets/greyae2c.png]
[porto-demo13.myshopify.com/collections/all.atom]
[porto-demo13.myshopify.com/collections/all.html]
[porto-demo13.myshopify.com/pages/about-us.html]
[farm4.staticflickr.com/3780/10310925903_27bf4cb8dd_s.jpg]
[farm6.staticflickr.com/5474/10310925693_d6b385800c_s.jpg]
[farm6.staticflickr.com/5524/10310772635_154218bd04_s.jpg]
[farm6.staticflickr.com/5506/10310772645_d23b460207_s.jpg]
[farm4.staticflickr.com/3789/10310772595_1affd9da05_s.jpg]
[farm8.staticflickr.com/7321/10310925423_189ee58c5a_s.jpg]
[cdn.shopify.com/s/files/1/1613/0219/files/office-1-150x1500de2.jpg]
[cdn.shopify.com/s/files/1/1613/0219/files/office-2-150x1500de2.jpg]
[cdn.shopify.com/s/files/1/1613/0219/files/office-3-150x1500de2.jpg]
[porto-demo13.myshopify.com/pages/contact.html]
[porto-demo13.myshopify.com/blogs/news.atom]
[cdn.shopify.com/s/files/1/1613/0177/articles/03_120x12027a4.jpg]
[porto-demo13.myshopify.com/blogs/news.html]
[cdn.shopify.com/s/files/1/1613/0177/articles/04_120x1201a16.jpg]
[cdn.shopify.com/s/files/1/1613/0177/t/28/assets/section-testimonials6953.css]
[cdn.shopify.com/s/files/1/1613/0177/t/28/assets/section-blog-posts61b2.css]
[cdn.shopify.com/s/files/1/1613/0177/t/28/assets/section-main0bdc.css]
[cdn.shopify.com/s/files/1/1613/0177/products/MenGentleShoes_grandeb090.jpg]
[cdn.shopify.com/s/files/1/1613/0177/products/MenGentleShoes1_grandeb090.jpg]
[cdn.shopify.com/s/files/1/1613/0177/products/MenGentleShoes2_grandeb090.jpg]
[cdn.shopify.com/s/files/1/1613/0177/products/MenGentleShoes_mediumb090.jpg]
[porto-demo13.myshopify.com/products/men-gentle-shoes.oembed]
[cdn.shopify.com/s/files/1/1613/0177/t/28/assets/jquery.fancybox.pack0510.js]
[porto-demo13.myshopify.com/collections/featured-products/products/men-gentle-shoes.html]
[cdn.shopify.com/s/files/1/1613/0177/products/MenGentleShoesb090.jpg]
[cdn.shopify.com/s/files/1/1613/0177/products/MenGentleShoes_150x150b090.jpg]
[cdn.shopify.com/s/files/1/1613/0177/products/MenGentleShoes1b090.jpg]
[cdn.shopify.com/s/files/1/1613/0177/products/MenGentleShoes1_150x150b090.jpg]
[cdn.shopify.com/s/files/1/1613/0177/products/MenGentleShoes2b090.jpg]
[cdn.shopify.com/s/files/1/1613/0177/products/MenGentleShoes2_150x150b090.jpg]
[cdn.shopify.com/s/files/1/1613/0177/products/MenGentleShoes3b090.jpg]
[cdn.shopify.com/s/files/1/1613/0177/products/MenGentleShoes3_150x150b090.jpg]
[cdn.shopify.com/s/files/1/1613/0177/products/MenGentleShoes4b090.jpg]
[porto-demo13.myshopify.com/products/men-gentle-shoes95b3.html]
[cdn.shopify.com/s/files/1/1613/0177/products/MenGentleShoes4_150x150b090.jpg]
[porto-demo13.myshopify.com/collections/best-selling-products.atom]
[porto-demo13.myshopify.com/collections/best-selling-products.oembed]
[porto-demo13.myshopify.com/collections/best-selling-products.html]
[porto-demo13.myshopify.com/collections/featured-products.atom]
[porto-demo13.myshopify.com/collections/featured-products.oembed]
[porto-demo13.myshopify.com/collections/featured-products.html]
[cdn.shopify.com/s/files/1/1613/0177/products/PortoGrayCap_grandeb9f0.jpg]
[cdn.shopify.com/s/files/1/1613/0177/products/PortoGrayCap1_grandeb9f0.jpg]
[cdn.shopify.com/s/files/1/1613/0177/products/PortoGrayCap_mediumb9f0.jpg]
[porto-demo13.myshopify.com/products/porto-gray-cap.oembed]
[cdn.shopify.com/s/files/1/1613/0177/products/PortoGrayCapb9f0.jpg]
[cdn.shopify.com/s/files/1/1613/0177/products/PortoGrayCap1b9f0.jpg]
[porto-demo13.myshopify.com/collections/featured-products/products/porto-gray-cap.html]
[cdn.shopify.com/s/files/1/1613/0177/products/PortoGrayCap_150x150b9f0.jpg]
[porto-demo13.myshopify.com/products/porto-gray-cap95b3.html]
[cdn.shopify.com/s/files/1/1613/0177/products/PortoGrayCap1_150x150b9f0.jpg]
[porto-demo13.myshopify.com/collections/caps.atom]
[porto-demo13.myshopify.com/collections/caps.oembed]
[porto-demo13.myshopify.com/collections/caps.html]
[cdn.shopify.com/s/files/1/1613/0177/products/PortoWhiteCap_grandee3f3.jpg]
[cdn.shopify.com/s/files/1/1613/0177/products/PortoWhiteCap1_grandee3f3.jpg]
[porto-demo13.myshopify.com/products/porto-white-cap.oembed]
[porto-demo13.myshopify.com/collections/featured-products/products/porto-white-cap.html]
[cdn.shopify.com/s/files/1/1613/0177/products/PortoWhiteCape3f3.jpg]
[cdn.shopify.com/s/files/1/1613/0177/products/PortoWhiteCap_150x150e3f3.jpg]
[cdn.shopify.com/s/files/1/1613/0177/products/PortoWhiteCap1e3f3.jpg]
[porto-demo13.myshopify.com/products/porto-white-cap95b3.html]
[cdn.shopify.com/s/files/1/1613/0177/products/PortoWhiteCap1_150x150e3f3.jpg]
[cdn.shopify.com/s/files/1/1613/0177/products/MenBelts2_28621649-6b82-496d-962d-c9b890992169_grandec302.jpg]
[cdn.shopify.com/s/files/1/1613/0177/products/MenBelts3_5d1a8eb8-1385-4264-b2ac-6118f45e6c40_grandec302.jpg]
[cdn.shopify.com/s/files/1/1613/0177/products/MenBelts_eae18f0f-8227-4c40-9d86-daa569202a7a_grandec302.jpg]
[porto-demo13.myshopify.com/products/men-black-belts.oembed]
[porto-demo13.myshopify.com/collections/featured-products/products/men-black-belts.html]
[cdn.shopify.com/s/files/1/1613/0177/products/MenBelts2_28621649-6b82-496d-962d-c9b890992169c302.jpg]
[cdn.shopify.com/s/files/1/1613/0177/products/MenBelts2_28621649-6b82-496d-962d-c9b890992169_150x150c302.jpg]
[cdn.shopify.com/s/files/1/1613/0177/products/MenBelts3_5d1a8eb8-1385-4264-b2ac-6118f45e6c40c302.jpg]
[cdn.shopify.com/s/files/1/1613/0177/products/MenBelts3_5d1a8eb8-1385-4264-b2ac-6118f45e6c40_150x150c302.jpg]
[cdn.shopify.com/s/files/1/1613/0177/products/MenBelts_eae18f0f-8227-4c40-9d86-daa569202a7ac302.jpg]
[cdn.shopify.com/s/files/1/1613/0177/products/MenBelts_eae18f0f-8227-4c40-9d86-daa569202a7a_150x150c302.jpg]
[cdn.shopify.com/s/files/1/1613/0177/products/MenBelts1_e2959d93-bb66-4b57-8a20-565c9a74f418c302.jpg]
[porto-demo13.myshopify.com/products/men-black-belts95b3.html]
[cdn.shopify.com/s/files/1/1613/0177/products/MenBelts1_e2959d93-bb66-4b57-8a20-565c9a74f418_150x150c302.jpg]
[cdn.shopify.com/s/files/1/1613/0177/products/ProductExtended_grande50ed.jpg]
[cdn.shopify.com/s/files/1/1613/0177/products/ProductExtended1_grande50ed.jpg]
[cdn.shopify.com/s/files/1/1613/0177/products/ProductExtended2_grande50ed.jpg]
[cdn.shopify.com/s/files/1/1613/0177/products/ProductExtended_medium50ed.jpg]
[porto-demo13.myshopify.com/products/product-extended.oembed]
[porto-demo13.myshopify.com/collections/featured-products/products/product-extended.html]
[cdn.shopify.com/s/files/1/1613/0177/products/ProductExtended50ed.jpg]
[cdn.shopify.com/s/files/1/1613/0177/products/ProductExtended_150x15050ed.jpg]
[cdn.shopify.com/s/files/1/1613/0177/products/ProductExtended150ed.jpg]
[cdn.shopify.com/s/files/1/1613/0177/products/ProductExtended1_150x15050ed.jpg]
[cdn.shopify.com/s/files/1/1613/0177/products/ProductExtended250ed.jpg]
[cdn.shopify.com/s/files/1/1613/0177/products/ProductExtended2_150x15050ed.jpg]
[cdn.shopify.com/s/files/1/1613/0177/products/ProductExtended350ed.jpg]
[porto-demo13.myshopify.com/products/product-extended95b3.html]
[cdn.shopify.com/s/files/1/1613/0177/products/ProductExtended3_150x15050ed.jpg]
[cdn.shopify.com/s/files/1/1613/0177/products/SportsShoes_grandeb271.jpg]
[cdn.shopify.com/s/files/1/1613/0177/products/SportsShoes1_grandeb271.jpg]
[cdn.shopify.com/s/files/1/1613/0177/products/SportsShoes2_grandeb271.jpg]
[cdn.shopify.com/s/files/1/1613/0219/files/office-4-150x1500de2.jpg]
[cdn.shopify.com/s/files/1/1613/0177/products/PortoWhiteCap_mediume3f3.jpg]
[porto-demo13.myshopify.com/products/sports-shoes.oembed]
[cdn.shopify.com/s/files/1/1613/0177/products/SportsShoesb271.jpg]
[cdn.shopify.com/s/files/1/1613/0177/products/SportsShoes1b271.jpg]
[cdn.shopify.com/s/files/1/1613/0177/products/SportsShoes2b271.jpg]
[porto-demo13.myshopify.com/collections/featured-products/products/sports-shoes.html]
[cdn.shopify.com/s/files/1/1613/0177/products/SportsShoes_150x150b271.jpg]
[cdn.shopify.com/s/files/1/1613/0177/products/SportsShoes1_150x150b271.jpg]
[porto-demo13.myshopify.com/products/sports-shoes95b3.html]
[cdn.shopify.com/s/files/1/1613/0177/products/SportsShoes2_150x150b271.jpg]
[porto-demo13.myshopify.com/collections/latest-products.atom]
[porto-demo13.myshopify.com/collections/latest-products.oembed]
[porto-demo13.myshopify.com/collections/latest-products.html]
[cdn.shopify.com/s/files/1/1613/0177/products/WomenBag_b449c047-f5cd-4028-92d9-5a4ed3bf729c_grande8399.jpg]
[cdn.shopify.com/s/files/1/1613/0177/products/WomenBag1_2fbe7aaf-bf60-471e-9615-b94ca8847217_grande8399.jpg]
[cdn.shopify.com/s/files/1/1613/0177/products/MenBelts2_28621649-6b82-496d-962d-c9b890992169_mediumc302.jpg]
[cdn.shopify.com/s/files/1/1613/0177/products/WomenBag_e6cadef6-ebe3-411f-909f-52b87815aac1_grande3be3.jpg]
[porto-demo13.myshopify.com/products/women-bag-1.oembed]
[cdn.shopify.com/s/files/1/1613/0177/products/WomenBag_b449c047-f5cd-4028-92d9-5a4ed3bf729c8399.jpg]
[cdn.shopify.com/s/files/1/1613/0177/products/WomenBag1_2fbe7aaf-bf60-471e-9615-b94ca88472178399.jpg]
[cdn.shopify.com/s/files/1/1613/0177/products/WomenBag_e6cadef6-ebe3-411f-909f-52b87815aac13be3.jpg]
[cdn.shopify.com/s/files/1/1613/0177/products/WomenBag1_960cb17f-b883-424a-b8bf-7f9c3d95493a3be3.jpg]
[cdn.shopify.com/s/files/1/1613/0177/products/WomenBag2_fe51124a-d9c2-41d7-9c28-7abcc67d38d13be3.jpg]
[cdn.shopify.com/s/files/1/1613/0177/products/WomenBag3_76023c95-55a3-4965-a9e7-8d722b6fac9f3be3.jpg]
[porto-demo13.myshopify.com/collections/featured-products/products/women-bag-1.html]
[cdn.shopify.com/s/files/1/1613/0177/products/WomenBag_b449c047-f5cd-4028-92d9-5a4ed3bf729c_150x1508399.jpg]
[cdn.shopify.com/s/files/1/1613/0177/products/WomenBag1_2fbe7aaf-bf60-471e-9615-b94ca8847217_150x1508399.jpg]
[cdn.shopify.com/s/files/1/1613/0177/products/WomenBag_e6cadef6-ebe3-411f-909f-52b87815aac1_150x1503be3.jpg]
[cdn.shopify.com/s/files/1/1613/0177/products/WomenBag1_960cb17f-b883-424a-b8bf-7f9c3d95493a_150x1503be3.jpg]
[cdn.shopify.com/s/files/1/1613/0177/products/WomenBag2_fe51124a-d9c2-41d7-9c28-7abcc67d38d1_150x1503be3.jpg]
[porto-demo13.myshopify.com/products/women-bag-195b3.html]
[cdn.shopify.com/s/files/1/1613/0177/products/WomenBag3_76023c95-55a3-4965-a9e7-8d722b6fac9f_150x1503be3.jpg]
[cdn.shopify.com/s/files/1/1613/0177/products/WinterTowel_grandef1cc.jpg]
[cdn.shopify.com/s/files/1/1613/0177/products/WinterTowel1_grandef1cc.jpg]
[porto-demo13.myshopify.com/products/winter-towel.oembed]
[cdn.shopify.com/s/files/1/1613/0177/products/WinterTowelf1cc.jpg]
[cdn.shopify.com/s/files/1/1613/0177/products/WinterTowel1f1cc.jpg]
[porto-demo13.myshopify.com/collections/featured-products/products/winter-towel.html]
[cdn.shopify.com/s/files/1/1613/0177/products/WinterTowel_150x150f1cc.jpg]
[porto-demo13.myshopify.com/products/winter-towel95b3.html]
[cdn.shopify.com/s/files/1/1613/0177/products/WinterTowel1_150x150f1cc.jpg]
[cdn.shopify.com/s/files/1/1613/0177/products/WomenBag_granded232.jpg]
[cdn.shopify.com/s/files/1/1613/0177/products/WomenBag1_grande7f64.jpg]
[cdn.shopify.com/s/files/1/1613/0177/products/WomenBag2_grande7f64.jpg]
[cdn.shopify.com/s/files/1/1613/0177/products/SportsShoes_mediumb271.jpg]
[cdn.shopify.com/s/files/1/1613/0177/products/WomenBag_b449c047-f5cd-4028-92d9-5a4ed3bf729c_medium8399.jpg]
[porto-demo13.myshopify.com/products/women-bag.oembed]
[cdn.shopify.com/s/files/1/1613/0177/products/WomenBagd232.jpg]
[cdn.shopify.com/s/files/1/1613/0177/products/WomenBag17f64.jpg]
[cdn.shopify.com/s/files/1/1613/0177/products/WomenBag27f64.jpg]
[cdn.shopify.com/s/files/1/1613/0177/products/WomenBag37f64.jpg]
[porto-demo13.myshopify.com/collections/featured-products/products/women-bag.html]
[cdn.shopify.com/s/files/1/1613/0177/products/WomenBag_150x150d232.jpg]
[cdn.shopify.com/s/files/1/1613/0177/products/WomenBag1_150x1507f64.jpg]
[cdn.shopify.com/s/files/1/1613/0177/products/WomenBag2_150x1507f64.jpg]
[porto-demo13.myshopify.com/products/women-bag95b3.html]
[cdn.shopify.com/s/files/1/1613/0177/products/WomenBag3_150x1507f64.jpg]
[porto-demo13.myshopify.com/collections/top-rated-products/products/men-gentle-shoes.html]
[porto-demo13.myshopify.com/collections/top-rated-products/products/women-bag-1.html]
[porto-demo13.myshopify.com/collections/top-rated-products/products/product-extended.html]
[porto-demo13.myshopify.com/collections/best-selling-products/products/men-gentle-shoes.html]
[porto-demo13.myshopify.com/collections/best-selling-products/products/women-bag.html]
[porto-demo13.myshopify.com/collections/best-selling-products/products/men-black-belts.html]
[porto-demo13.myshopify.com/collections/latest-products/products/men-gentle-shoes.html]
[porto-demo13.myshopify.com/collections/latest-products/products/porto-gray-cap.html]
[porto-demo13.myshopify.com/collections/latest-products/products/porto-white-cap.html]
[porto-demo13.myshopify.com/collections/fashion.atom]
[porto-demo13.myshopify.com/collections/fashion.oembed]
[porto-demo13.myshopify.com/collections/fashion.html]
[porto-demo13.myshopify.com/collections/t-shirts.atom]
[porto-demo13.myshopify.com/collections/t-shirts.oembed]
[porto-demo13.myshopify.com/collections/t-shirts.html]
[cdn.shopify.com/s/files/1/1613/0177/products/WinterTowel_mediumf1cc.jpg]
[cdn.shopify.com/s/files/1/1613/0177/products/WomenBag_mediumd232.jpg]
[porto-demo13.myshopify.com/collections/accessories.atom]
[porto-demo13.myshopify.com/collections/accessories.oembed]
[porto-demo13.myshopify.com/collections/accessories.html]
[porto-demo13.myshopify.com/collections/watches.atom]
[porto-demo13.myshopify.com/collections/watches.oembed]
[porto-demo13.myshopify.com/collections/watches.html]
[porto-demo13.myshopify.com/collections/electronics.atom]
[porto-demo13.myshopify.com/collections/electronics.oembed]
[porto-demo13.myshopify.com/collections/electronics.html]
[porto-demo13.myshopify.com/collections/toys.atom]
[porto-demo13.myshopify.com/collections/toys.oembed]
[porto-demo13.myshopify.com/collections/toys.html]
[s7.addthis.com/js/300/addthis_widget.js]
[cdn.shopify.com/s/files/1/1613/0177/t/28/assets/avatar56e4.jpg]
[cdn.shopify.com/s/files/1/1613/0177/articles/03_400x27a4.jpg]
[porto-demo13.myshopify.com/blogs/news/post-format-video.html]
[cdn.shopify.com/s/files/1/1613/0177/articles/04_400x1a16.jpg]
[porto-demo13.myshopify.com/blogs/news/post-format-image-gallery.html]
[cdn.shopify.com/s/files/1/1613/0177/t/28/assets/porto35cb.svg]
[cdn.shopify.com/s/files/1/1613/0177/t/28/assets/fonts/Simple-Line-Iconsb26c.html]
[cdn.shopify.com/s/files/1/1613/0177/t/28/assets/fonts/Simple-Line-Iconsb26c-2.html]
[cdn.shopify.com/s/files/1/1613/0177/t/28/assets/fonts/Simple-Line-Iconsb26c-3.html]
[cdn.shopify.com/s/files/1/1613/0177/t/28/assets/fontawesome-webfont93e3.svg]
[cdn.shopify.com/s/files/1/1613/0177/t/28/assets/owl.video.play.html]
[cdn.shopify.com/s/files/1/1613/0177/t/28/assets/fa-brands-400.svg]
[cdn.shopify.com/s/files/1/1613/0177/t/28/assets/curved-border.svg]
[porto-demo13.myshopify.com/de/index.html]
[porto-demo13.myshopify.com/de/collections/dress.atom]
[porto-demo13.myshopify.com/de/collections/dress.oembed]
[porto-demo13.myshopify.com/de/collections/dress.html]
[porto-demo13.myshopify.com/de/collections/headphone.atom]
[porto-demo13.myshopify.com/de/collections/headphone.oembed]
[porto-demo13.myshopify.com/de/collections/headphone.html]
[porto-demo13.myshopify.com/de/collections/shoes.atom]
[porto-demo13.myshopify.com/de/collections/shoes.oembed]
[porto-demo13.myshopify.com/de/collections/shoes.html]
[porto-demo13.myshopify.com/de/collections/trousers.atom]
[porto-demo13.myshopify.com/de/collections/trousers.oembed]
[porto-demo13.myshopify.com/de/collections/trousers.html]
[porto-demo13.myshopify.com/de/cart.html]
[porto-demo13.myshopify.com/de/collections/shop.atom]
[porto-demo13.myshopify.com/de/collections/shop.oembed]
[porto-demo13.myshopify.com/de/collections/shop.html]
[porto-demo13.myshopify.com/de/collections/all.atom]
[porto-demo13.myshopify.com/de/collections/all.html]
[porto-demo13.myshopify.com/de/pages/about-us.html]
[porto-demo13.myshopify.com/de/pages/contact.html]
[porto-demo13.myshopify.com/de/blogs/news.atom]
[porto-demo13.myshopify.com/de/blogs/news.html]
[porto-demo13.myshopify.com/de/account/loginb7cf.html]
[porto-demo13.myshopify.com/de/products/men-gentle-shoes.oembed]
[porto-demo13.myshopify.com/de/collections/featured-products/products/men-gentle-shoes.html]
[porto-demo13.myshopify.com/de/products/men-gentle-shoes95b3.html]
[porto-demo13.myshopify.com/de/collections/best-selling-products.atom]
[porto-demo13.myshopify.com/de/collections/best-selling-products.oembed]
[porto-demo13.myshopify.com/de/collections/best-selling-products.html]
[porto-demo13.myshopify.com/de/collections/featured-products.atom]
[porto-demo13.myshopify.com/de/collections/featured-products.oembed]
[porto-demo13.myshopify.com/de/collections/featured-products.html]
[porto-demo13.myshopify.com/de/products/porto-gray-cap.oembed]
[porto-demo13.myshopify.com/de/collections/featured-products/products/porto-gray-cap.html]
[porto-demo13.myshopify.com/de/products/porto-gray-cap95b3.html]
[porto-demo13.myshopify.com/de/collections/caps.atom]
[porto-demo13.myshopify.com/de/collections/caps.oembed]
[porto-demo13.myshopify.com/de/collections/caps.html]
[porto-demo13.myshopify.com/de/products/porto-white-cap.oembed]
[porto-demo13.myshopify.com/de/collections/featured-products/products/porto-white-cap.html]
[porto-demo13.myshopify.com/de/products/porto-white-cap95b3.html]
[porto-demo13.myshopify.com/de/products/men-black-belts.oembed]
[porto-demo13.myshopify.com/de/collections/featured-products/products/men-black-belts.html]
[porto-demo13.myshopify.com/de/products/men-black-belts95b3.html]
[porto-demo13.myshopify.com/de/products/product-extended.oembed]
[porto-demo13.myshopify.com/de/collections/featured-products/products/product-extended.html]
[porto-demo13.myshopify.com/de/products/product-extended95b3.html]
[porto-demo13.myshopify.com/de/products/sports-shoes.oembed]
[porto-demo13.myshopify.com/de/collections/featured-products/products/sports-shoes.html]
[porto-demo13.myshopify.com/de/products/sports-shoes95b3.html]
[porto-demo13.myshopify.com/de/collections/latest-products.atom]
[porto-demo13.myshopify.com/de/collections/latest-products.oembed]
[porto-demo13.myshopify.com/de/collections/latest-products.html]
[porto-demo13.myshopify.com/de/products/women-bag-1.oembed]
[porto-demo13.myshopify.com/de/collections/featured-products/products/women-bag-1.html]
[porto-demo13.myshopify.com/de/products/women-bag-195b3.html]
[porto-demo13.myshopify.com/de/products/winter-towel.oembed]
[porto-demo13.myshopify.com/de/collections/featured-products/products/winter-towel.html]
[porto-demo13.myshopify.com/de/products/winter-towel95b3.html]
[porto-demo13.myshopify.com/de/products/women-bag.oembed]
[porto-demo13.myshopify.com/de/collections/featured-products/products/women-bag.html]
[porto-demo13.myshopify.com/de/products/women-bag95b3.html]
[porto-demo13.myshopify.com/de/collections/top-rated-products/products/men-gentle-shoes.html]
[porto-demo13.myshopify.com/de/collections/top-rated-products/products/women-bag-1.html]
[porto-demo13.myshopify.com/de/collections/top-rated-products/products/product-extended.html]
[porto-demo13.myshopify.com/de/collections/best-selling-products/products/men-gentle-shoes.html]
[porto-demo13.myshopify.com/de/collections/best-selling-products/products/women-bag.html]
[porto-demo13.myshopify.com/de/collections/best-selling-products/products/men-black-belts.html]
[porto-demo13.myshopify.com/de/collections/latest-products/products/men-gentle-shoes.html]
[porto-demo13.myshopify.com/de/collections/latest-products/products/porto-gray-cap.html]
[porto-demo13.myshopify.com/de/collections/latest-products/products/porto-white-cap.html]
[porto-demo13.myshopify.com/de/collections/fashion.atom]
[porto-demo13.myshopify.com/de/collections/fashion.oembed]
[porto-demo13.myshopify.com/de/collections/fashion.html]
[porto-demo13.myshopify.com/de/collections/t-shirts.atom]
[porto-demo13.myshopify.com/de/collections/t-shirts.oembed]
[porto-demo13.myshopify.com/de/collections/t-shirts.html]
[porto-demo13.myshopify.com/de/collections/accessories.atom]
[porto-demo13.myshopify.com/de/collections/accessories.oembed]
[porto-demo13.myshopify.com/de/collections/accessories.html]
[porto-demo13.myshopify.com/de/collections/watches.atom]
[porto-demo13.myshopify.com/de/collections/watches.oembed]
[porto-demo13.myshopify.com/de/collections/watches.html]
[porto-demo13.myshopify.com/de/collections/electronics.atom]
[porto-demo13.myshopify.com/de/collections/electronics.oembed]
[porto-demo13.myshopify.com/de/collections/electronics.html]
[porto-demo13.myshopify.com/de/collections/toys.atom]
[porto-demo13.myshopify.com/de/collections/toys.oembed]
[porto-demo13.myshopify.com/de/collections/toys.html]
[porto-demo13.myshopify.com/de/blogs/news/post-format-video.html]
[porto-demo13.myshopify.com/de/blogs/news/post-format-image-gallery.html]
[porto-demo13.myshopify.com/fr/index.html]
[porto-demo13.myshopify.com/fr/collections/dress.atom]
[porto-demo13.myshopify.com/fr/collections/dress.oembed]
[porto-demo13.myshopify.com/fr/collections/dress.html]
[porto-demo13.myshopify.com/fr/collections/headphone.atom]
[porto-demo13.myshopify.com/fr/collections/headphone.oembed]
[porto-demo13.myshopify.com/fr/collections/headphone.html]
[porto-demo13.myshopify.com/fr/collections/shoes.atom]
[porto-demo13.myshopify.com/fr/collections/shoes.oembed]
[porto-demo13.myshopify.com/fr/collections/shoes.html]
[porto-demo13.myshopify.com/fr/collections/trousers.atom]
[porto-demo13.myshopify.com/fr/collections/trousers.oembed]
[porto-demo13.myshopify.com/fr/collections/trousers.html]
[porto-demo13.myshopify.com/fr/cart.html]
[porto-demo13.myshopify.com/fr/collections/shop.atom]
[porto-demo13.myshopify.com/fr/collections/shop.oembed]
[porto-demo13.myshopify.com/fr/collections/shop.html]
[porto-demo13.myshopify.com/fr/collections/all.atom]
[porto-demo13.myshopify.com/fr/collections/all.html]
[porto-demo13.myshopify.com/fr/pages/about-us.html]
[porto-demo13.myshopify.com/fr/pages/contact.html]
[porto-demo13.myshopify.com/fr/blogs/news.atom]
[porto-demo13.myshopify.com/fr/blogs/news.html]
[porto-demo13.myshopify.com/fr/account/logine4e5.html]
[porto-demo13.myshopify.com/fr/products/men-gentle-shoes.oembed]
[porto-demo13.myshopify.com/fr/collections/featured-products/products/men-gentle-shoes.html]
[porto-demo13.myshopify.com/fr/products/men-gentle-shoes95b3.html]
[porto-demo13.myshopify.com/fr/collections/best-selling-products.atom]
[porto-demo13.myshopify.com/fr/collections/best-selling-products.oembed]
[porto-demo13.myshopify.com/fr/collections/best-selling-products.html]
[porto-demo13.myshopify.com/fr/collections/featured-products.atom]
[porto-demo13.myshopify.com/fr/collections/featured-products.oembed]
[porto-demo13.myshopify.com/fr/collections/featured-products.html]
[porto-demo13.myshopify.com/fr/products/porto-gray-cap.oembed]
[porto-demo13.myshopify.com/fr/collections/featured-products/products/porto-gray-cap.html]
[porto-demo13.myshopify.com/fr/products/porto-gray-cap95b3.html]
[porto-demo13.myshopify.com/fr/collections/caps.atom]
[porto-demo13.myshopify.com/fr/collections/caps.oembed]
[porto-demo13.myshopify.com/fr/collections/caps.html]
[porto-demo13.myshopify.com/fr/products/porto-white-cap.oembed]
[porto-demo13.myshopify.com/fr/collections/featured-products/products/porto-white-cap.html]
[porto-demo13.myshopify.com/fr/products/porto-white-cap95b3.html]
[porto-demo13.myshopify.com/fr/products/men-black-belts.oembed]
[porto-demo13.myshopify.com/fr/collections/featured-products/products/men-black-belts.html]
[porto-demo13.myshopify.com/fr/products/men-black-belts95b3.html]
[porto-demo13.myshopify.com/fr/products/product-extended.oembed]
[porto-demo13.myshopify.com/fr/collections/featured-products/products/product-extended.html]
[porto-demo13.myshopify.com/fr/products/product-extended95b3.html]
[porto-demo13.myshopify.com/fr/products/sports-shoes.oembed]
[porto-demo13.myshopify.com/fr/collections/featured-products/products/sports-shoes.html]
[porto-demo13.myshopify.com/fr/products/sports-shoes95b3.html]
[porto-demo13.myshopify.com/fr/collections/latest-products.atom]
[porto-demo13.myshopify.com/fr/collections/latest-products.oembed]
[porto-demo13.myshopify.com/fr/collections/latest-products.html]
[porto-demo13.myshopify.com/fr/products/women-bag-1.oembed]
[porto-demo13.myshopify.com/fr/collections/featured-products/products/women-bag-1.html]
[porto-demo13.myshopify.com/fr/products/women-bag-195b3.html]
[porto-demo13.myshopify.com/fr/products/winter-towel.oembed]
[porto-demo13.myshopify.com/fr/collections/featured-products/products/winter-towel.html]
[porto-demo13.myshopify.com/fr/products/winter-towel95b3.html]
[porto-demo13.myshopify.com/fr/products/women-bag.oembed]
[porto-demo13.myshopify.com/fr/collections/featured-products/products/women-bag.html]
[porto-demo13.myshopify.com/fr/products/women-bag95b3.html]
[porto-demo13.myshopify.com/fr/collections/top-rated-products/products/men-gentle-shoes.html]
[porto-demo13.myshopify.com/fr/collections/top-rated-products/products/women-bag-1.html]
[porto-demo13.myshopify.com/fr/collections/top-rated-products/products/product-extended.html]
[porto-demo13.myshopify.com/fr/collections/best-selling-products/products/men-gentle-shoes.html]
[porto-demo13.myshopify.com/fr/collections/best-selling-products/products/women-bag.html]
[porto-demo13.myshopify.com/fr/collections/best-selling-products/products/men-black-belts.html]
[porto-demo13.myshopify.com/fr/collections/latest-products/products/men-gentle-shoes.html]
[porto-demo13.myshopify.com/fr/collections/latest-products/products/porto-gray-cap.html]
[porto-demo13.myshopify.com/fr/collections/latest-products/products/porto-white-cap.html]
[porto-demo13.myshopify.com/fr/collections/fashion.atom]
[porto-demo13.myshopify.com/fr/collections/fashion.oembed]
[porto-demo13.myshopify.com/fr/collections/fashion.html]
[porto-demo13.myshopify.com/fr/collections/t-shirts.atom]
[porto-demo13.myshopify.com/fr/collections/t-shirts.oembed]
[porto-demo13.myshopify.com/fr/collections/t-shirts.html]
[porto-demo13.myshopify.com/fr/collections/accessories.atom]
[porto-demo13.myshopify.com/fr/collections/accessories.oembed]
[porto-demo13.myshopify.com/fr/collections/accessories.html]
[porto-demo13.myshopify.com/fr/collections/watches.atom]
[porto-demo13.myshopify.com/fr/collections/watches.oembed]
[porto-demo13.myshopify.com/fr/collections/watches.html]
[porto-demo13.myshopify.com/fr/collections/electronics.atom]
[porto-demo13.myshopify.com/fr/collections/electronics.oembed]
[porto-demo13.myshopify.com/fr/collections/electronics.html]
[porto-demo13.myshopify.com/fr/collections/toys.atom]
[porto-demo13.myshopify.com/fr/collections/toys.oembed]
[porto-demo13.myshopify.com/fr/collections/toys.html]
[porto-demo13.myshopify.com/fr/blogs/news/post-format-video.html]
[porto-demo13.myshopify.com/fr/blogs/news/post-format-image-gallery.html]
[porto-demo13.myshopify.com/de/account/login.html]
[porto-demo13.myshopify.com/fr/account/login.html]
[porto-demo13.myshopify.com/account/POST.html]
[cdn.shopify.com/s/files/1/1613/0177/t/28/assets/sidebar270f.css]
[cdn.shopify.com/s/files/1/1613/0177/t/28/assets/customer6757.css]
[porto-demo13.myshopify.com/account/register.html]
[porto-demo13.myshopify.com/cart/index.html]
[porto-demo13.myshopify.com/checkout/index.html]
[cdn.shopify.com/s/files/1/1613/0177/t/28/assets/page-cart357c.css]
[porto-demo13.myshopify.com/collections/POST.html]
[cdn.shopify.com/s/files/1/1613/0177/t/28/assets/collection8e3b.css]
[porto-demo13.myshopify.com/collections/dress/products/women-bag.html]
[porto-demo13.myshopify.com/collections/dress/products/winter-towel.html]
[porto-demo13.myshopify.com/collections/dress/products/product-extended.html]
[porto-demo13.myshopify.com/collections/dress/products/porto-gray-cap.html]
[cdn.shopify.com/s/files/1/1613/0177/products/GentleShoes_grandec33e.jpg]
[cdn.shopify.com/s/files/1/1613/0177/products/GentleShoes1_grande80f8.jpg]
[cdn.shopify.com/s/files/1/1613/0177/products/GentleShoes2_grande80f8.jpg]
[porto-demo13.myshopify.com/products/gentle-shoes.oembed]
[cdn.shopify.com/s/files/1/1613/0177/products/GentleShoesc33e.jpg]
[cdn.shopify.com/s/files/1/1613/0177/products/GentleShoes180f8.jpg]
[cdn.shopify.com/s/files/1/1613/0177/products/GentleShoes280f8.jpg]
[cdn.shopify.com/s/files/1/1613/0177/products/GentleShoes3d893.jpg]
[porto-demo13.myshopify.com/products/gentle-shoes.html]
[cdn.shopify.com/s/files/1/1613/0177/products/MenBelts_grande313d.jpg]
[cdn.shopify.com/s/files/1/1613/0177/products/MenBelts1_grande313d.jpg]
[cdn.shopify.com/s/files/1/1613/0177/products/MenBelts2_grande24b5.jpg]
[porto-demo13.myshopify.com/products/men-belts.oembed]
[cdn.shopify.com/s/files/1/1613/0177/products/MenBelts313d.jpg]
[cdn.shopify.com/s/files/1/1613/0177/products/MenBelts1313d.jpg]
[cdn.shopify.com/s/files/1/1613/0177/products/MenBelts224b5.jpg]
[porto-demo13.myshopify.com/products/men-belts.html]
[cdn.shopify.com/s/files/1/1613/0177/products/MenBelts324b5.jpg]
[porto-demo13.myshopify.com/products/men-black-belts.html]
[cdn.shopify.com/s/files/1/1613/0177/products/GentleShoes_mediumc33e.jpg]
[porto-demo13.myshopify.com/collections/headphone/products/product-extended.html]
[porto-demo13.myshopify.com/collections/headphone/products/men-black-belts.html]
[porto-demo13.myshopify.com/collections/shoes/products/sports-shoes.html]
[porto-demo13.myshopify.com/collections/shoes/products/men-gentle-shoes.html]
[porto-demo13.myshopify.com/collections/shoes/products/men-black-belts.html]
[porto-demo13.myshopify.com/collections/shoes/products/gentle-shoes.html]
[cdn.shopify.com/s/files/1/1613/0177/products/GentleShoes_150x150c33e.jpg]
[cdn.shopify.com/s/files/1/1613/0177/products/GentleShoes1_150x15080f8.jpg]
[cdn.shopify.com/s/files/1/1613/0177/products/GentleShoes2_150x15080f8.jpg]
[porto-demo13.myshopify.com/products/gentle-shoes95b3.html]
[cdn.shopify.com/s/files/1/1613/0177/products/GentleShoes3_150x150d893.jpg]
[porto-demo13.myshopify.com/collections/trousers/products/women-bag-1.html]
[porto-demo13.myshopify.com/collections/shop/products/gentle-shoes.html]
[porto-demo13.myshopify.com/collections/shop/products/men-belts.html]
[cdn.shopify.com/s/files/1/1613/0177/products/MenBelts_150x150313d.jpg]
[cdn.shopify.com/s/files/1/1613/0177/products/MenBelts1_150x150313d.jpg]
[cdn.shopify.com/s/files/1/1613/0177/products/MenBelts2_150x15024b5.jpg]
[porto-demo13.myshopify.com/products/men-belts95b3.html]
[cdn.shopify.com/s/files/1/1613/0177/products/MenBelts3_150x15024b5.jpg]
[porto-demo13.myshopify.com/collections/shop/products/men-gentle-shoes.html]
[porto-demo13.myshopify.com/collections/shop/products/porto-gray-cap.html]
[porto-demo13.myshopify.com/collections/shop/products/porto-white-cap.html]
[porto-demo13.myshopify.com/collections/shop/products/product-extended.html]
[cdn.shopify.com/s/files/1/1613/0177/products/MenBelts_medium313d.jpg]
[porto-demo13.myshopify.com/collections/shop/products/sports-shoes.html]
[porto-demo13.myshopify.com/collections/shop/products/winter-towel.html]
[porto-demo13.myshopify.com/collections/shop/products/women-bag.html]
[porto-demo13.myshopify.com/collections/shop/products/women-bag-1.html]
[cdn.shopify.com/s/files/1/1613/0177/products/WomenBag2_77f80dcf-67da-491a-b025-d76ed9442f72_grande546b.jpg]
[cdn.shopify.com/s/files/1/1613/0177/products/WomenBag3_5c8567fd-2ef3-41b9-96bd-28dd16bde79f_grande546b.jpg]
[cdn.shopify.com/s/files/1/1613/0177/products/WomenBag_e7664ae2-b6f3-4caa-8d92-fc7b4fd4fc7b_grande546b.jpg]
[porto-demo13.myshopify.com/products/women-red-bag.oembed]
[cdn.shopify.com/s/files/1/1613/0177/products/WomenBag2_77f80dcf-67da-491a-b025-d76ed9442f72546b.jpg]
[cdn.shopify.com/s/files/1/1613/0177/products/WomenBag3_5c8567fd-2ef3-41b9-96bd-28dd16bde79f546b.jpg]
[cdn.shopify.com/s/files/1/1613/0177/products/WomenBag_e7664ae2-b6f3-4caa-8d92-fc7b4fd4fc7b546b.jpg]
[cdn.shopify.com/s/files/1/1613/0177/products/WomenBag1_505d7353-2e40-4384-bb5e-6f02189e365d546b.jpg]
[porto-demo13.myshopify.com/collections/shop/products/women-red-bag.html]
[cdn.shopify.com/s/files/1/1613/0177/products/WomenBag2_77f80dcf-67da-491a-b025-d76ed9442f72_150x150546b.jpg]
[cdn.shopify.com/s/files/1/1613/0177/products/WomenBag3_5c8567fd-2ef3-41b9-96bd-28dd16bde79f_150x150546b.jpg]
[cdn.shopify.com/s/files/1/1613/0177/products/WomenBag_e7664ae2-b6f3-4caa-8d92-fc7b4fd4fc7b_150x150546b.jpg]
[porto-demo13.myshopify.com/products/women-red-bag95b3.html]
[cdn.shopify.com/s/files/1/1613/0177/products/WomenBag1_505d7353-2e40-4384-bb5e-6f02189e365d_150x150546b.jpg]
[porto-demo13.myshopify.com/products/men-gentle-shoes.html]
[porto-demo13.myshopify.com/products/porto-gray-cap.html]
[porto-demo13.myshopify.com/products/porto-white-cap.html]
[porto-demo13.myshopify.com/products/product-extended.html]
[porto-demo13.myshopify.com/products/sports-shoes.html]
[porto-demo13.myshopify.com/products/winter-towel.html]
[porto-demo13.myshopify.com/products/women-bag.html]
[porto-demo13.myshopify.com/products/women-bag-1.html]
[porto-demo13.myshopify.com/products/women-red-bag.html]
[porto-demo13.myshopify.com/pages/POST.html]
[cdn.shopify.com/s/files/1/1613/0177/t/28/assets/pages4ba8.css]
[porto-demo13.myshopify.com/blogs/POST.html]
[cdn.shopify.com/s/files/1/1559/5181/files/01.html]
[porto-demo13.myshopify.com/blogs/news/tagged/blog.atom]
[porto-demo13.myshopify.com/blogs/news/tagged/blog.html]
[porto-demo13.myshopify.com/blogs/news/tagged/clothing.atom]
[porto-demo13.myshopify.com/blogs/news/tagged/clothing.html]
[porto-demo13.myshopify.com/blogs/news/tagged/dresses.atom]
[porto-demo13.myshopify.com/blogs/news/tagged/dresses.html]
[porto-demo13.myshopify.com/blogs/news/tagged/fashion.atom]
[porto-demo13.myshopify.com/blogs/news/tagged/fashion.html]
[porto-demo13.myshopify.com/blogs/news/tagged/photography.atom]
[porto-demo13.myshopify.com/blogs/news/tagged/photography.html]
[porto-demo13.myshopify.com/blogs/news/tagged/shoes.atom]
[porto-demo13.myshopify.com/blogs/news/tagged/shoes.html]
[porto-demo13.myshopify.com/blogs/news/tagged/women.atom]
[porto-demo13.myshopify.com/blogs/news/tagged/women.html]
[porto-demo13.myshopify.com/de/products/men-gentle-shoes.html]
[porto-demo13.myshopify.com/fr/products/men-gentle-shoes.html]
[porto-demo13.myshopify.com/collections/featured-products/products/POST.html]
[cdn.shopify.com/s/files/1/1613/0177/t/28/assets/product2907.css]
[cdn.shopify.com/s/files/1/1613/0177/t/28/assets/jquery.fancybox6867.css]
[cdn.shopify.com/s/files/1/1613/0177/products/WomenBag2_77f80dcf-67da-491a-b025-d76ed9442f72_medium546b.jpg]
[porto-demo13.myshopify.com/cdn.shopify.com/s/files/1/1632/5913/files/size_guide.png]
[cdn.shopify.com/s/files/1/1613/0177/t/28/assets/history-thumb.png]
[cdn.shopify.com/s/files/1/1613/0177/t/28/assets/product-quickview9022.css]
[cdn.shopify.com/s/files/1/1613/0177/t/28/assets/fancybox_sprite.png]
[cdn.shopify.com/s/files/1/1613/0177/t/28/assets/avatar.jpg]
[cdn.shopify.com/s/files/1/1613/0177/t/28/assets/fancybox_loading.gif]
[cdn.shopify.com/s/files/1/1613/0177/t/28/assets/blank.gif]
[cdn.shopify.com/s/files/1/1613/0177/t/28/assets/fancybox_overlay.png]
[porto-demo13.myshopify.com/de/products/porto-gray-cap.html]
[porto-demo13.myshopify.com/fr/products/porto-gray-cap.html]
[porto-demo13.myshopify.com/collections/caps/products/porto-white-cap.html]
[porto-demo13.myshopify.com/collections/caps/products/porto-gray-cap.html]
[porto-demo13.myshopify.com/de/products/porto-white-cap.html]
[cdn.shopify.com/s/files/1/1613/0177/t/28/assets/fancybox_sprite@2x.png]
[cdn.shopify.com/s/files/1/1613/0177/t/28/assets/fancybox_loading@2x.gif]
[porto-demo13.myshopify.com/fr/products/porto-white-cap.html]
[porto-demo13.myshopify.com/de/products/men-black-belts.html]
[porto-demo13.myshopify.com/fr/products/men-black-belts.html]
[porto-demo13.myshopify.com/de/products/product-extended.html]
[porto-demo13.myshopify.com/fr/products/product-extended.html]
[porto-demo13.myshopify.com/de/products/sports-shoes.html]
[porto-demo13.myshopify.com/fr/products/sports-shoes.html]
[porto-demo13.myshopify.com/collections/latest-products/products/gentle-shoes.html]
[porto-demo13.myshopify.com/collections/latest-products/products/product-extended.html]
[porto-demo13.myshopify.com/collections/latest-products/products/sports-shoes.html]
[porto-demo13.myshopify.com/collections/latest-products/products/winter-towel.html]
[porto-demo13.myshopify.com/collections/latest-products/products/women-bag-1.html]
[porto-demo13.myshopify.com/collections/latest-products/products/women-red-bag.html]
[porto-demo13.myshopify.com/de/products/women-bag-1.html]
[porto-demo13.myshopify.com/fr/products/women-bag-1.html]
[porto-demo13.myshopify.com/collections/top-rated-products.atom]
[porto-demo13.myshopify.com/collections/top-rated-products.oembed]
[porto-demo13.myshopify.com/collections/top-rated-products.html]
[porto-demo13.myshopify.com/de/products/winter-towel.html]
[porto-demo13.myshopify.com/fr/products/winter-towel.html]
[porto-demo13.myshopify.com/de/products/women-bag.html]
[porto-demo13.myshopify.com/fr/products/women-bag.html]
[porto-demo13.myshopify.com/collections/top-rated-products/products/POST.html]
[porto-demo13.myshopify.com/collections/best-selling-products/products/POST.html]
[porto-demo13.myshopify.com/collections/latest-products/products/POST.html]
[porto-demo13.myshopify.com/collections/t-shirts/products/women-red-bag.html]
[porto-demo13.myshopify.com/collections/t-shirts/products/winter-towel.html]
[porto-demo13.myshopify.com/collections/t-shirts/products/porto-white-cap.html]
[porto-demo13.myshopify.com/collections/t-shirts/products/men-belts.html]
[porto-demo13.myshopify.com/collections/watches/products/women-red-bag.html]
[porto-demo13.myshopify.com/collections/watches/products/women-bag.html]
[porto-demo13.myshopify.com/collections/watches/products/men-black-belts.html]
[porto-demo13.myshopify.com/collections/watches/products/men-belts.html]
[porto-demo13.myshopify.com/collections/watches/products/gentle-shoes.html]
[porto-demo13.myshopify.com/collections/toys/products/women-bag-1.html]
[porto-demo13.myshopify.com/collections/toys/products/sports-shoes.html]
[porto-demo13.myshopify.com/collections/toys/products/men-gentle-shoes.html]
[porto-demo13.myshopify.com/blogs/news/POST.html]
[porto-demo13.myshopify.com/de/POST.html]
[porto-demo13.myshopify.com/de/collections/POST.html]
[porto-demo13.myshopify.com/de/collections/dress/products/women-bag.html]
[porto-demo13.myshopify.com/de/collections/dress/products/winter-towel.html]
[porto-demo13.myshopify.com/de/collections/dress/products/product-extended.html]
[porto-demo13.myshopify.com/de/collections/dress/products/porto-gray-cap.html]
[porto-demo13.myshopify.com/de/products/gentle-shoes.oembed]
[porto-demo13.myshopify.com/de/products/gentle-shoes.html]
[porto-demo13.myshopify.com/de/products/men-belts.oembed]
[porto-demo13.myshopify.com/de/products/men-belts.html]
[porto-demo13.myshopify.com/de/collections/headphone/products/product-extended.html]
[porto-demo13.myshopify.com/de/collections/headphone/products/men-black-belts.html]
[porto-demo13.myshopify.com/de/collections/shoes/products/sports-shoes.html]
[porto-demo13.myshopify.com/de/collections/shoes/products/men-gentle-shoes.html]
[porto-demo13.myshopify.com/de/collections/shoes/products/men-black-belts.html]
[porto-demo13.myshopify.com/de/collections/shoes/products/gentle-shoes.html]
[porto-demo13.myshopify.com/de/products/gentle-shoes95b3.html]
[porto-demo13.myshopify.com/de/collections/trousers/products/women-bag-1.html]
[porto-demo13.myshopify.com/de/collections/shop/products/gentle-shoes.html]
[porto-demo13.myshopify.com/de/collections/shop/products/men-belts.html]
[porto-demo13.myshopify.com/de/products/men-belts95b3.html]
[porto-demo13.myshopify.com/de/collections/shop/products/men-gentle-shoes.html]
[porto-demo13.myshopify.com/de/collections/shop/products/porto-gray-cap.html]
[porto-demo13.myshopify.com/de/collections/shop/products/porto-white-cap.html]
[porto-demo13.myshopify.com/de/collections/shop/products/product-extended.html]
[porto-demo13.myshopify.com/de/collections/shop/products/sports-shoes.html]
[porto-demo13.myshopify.com/de/collections/shop/products/winter-towel.html]
[porto-demo13.myshopify.com/de/collections/shop/products/women-bag.html]
[porto-demo13.myshopify.com/de/collections/shop/products/women-bag-1.html]
[porto-demo13.myshopify.com/de/products/women-red-bag.oembed]
[porto-demo13.myshopify.com/de/collections/shop/products/women-red-bag.html]
[porto-demo13.myshopify.com/de/products/women-red-bag95b3.html]
[porto-demo13.myshopify.com/de/products/women-red-bag.html]
[porto-demo13.myshopify.com/de/pages/POST.html]
[porto-demo13.myshopify.com/de/blogs/POST.html]
[porto-demo13.myshopify.com/de/blogs/news/tagged/blog.atom]
[porto-demo13.myshopify.com/de/blogs/news/tagged/blog.html]
[porto-demo13.myshopify.com/de/blogs/news/tagged/clothing.atom]
[porto-demo13.myshopify.com/de/blogs/news/tagged/clothing.html]
[porto-demo13.myshopify.com/de/blogs/news/tagged/dresses.atom]
[porto-demo13.myshopify.com/de/blogs/news/tagged/dresses.html]
[porto-demo13.myshopify.com/de/blogs/news/tagged/fashion.atom]
[porto-demo13.myshopify.com/de/blogs/news/tagged/fashion.html]
[porto-demo13.myshopify.com/de/blogs/news/tagged/photography.atom]
[porto-demo13.myshopify.com/de/blogs/news/tagged/photography.html]
[porto-demo13.myshopify.com/de/blogs/news/tagged/shoes.atom]
[porto-demo13.myshopify.com/de/blogs/news/tagged/shoes.html]
[porto-demo13.myshopify.com/de/blogs/news/tagged/women.atom]
[porto-demo13.myshopify.com/de/blogs/news/tagged/women.html]
[porto-demo13.myshopify.com/de/account/POST.html]
[porto-demo13.myshopify.com/de/collections/featured-products/products/POST.html]
[porto-demo13.myshopify.com/de/collections/caps/products/porto-white-cap.html]
[porto-demo13.myshopify.com/de/collections/caps/products/porto-gray-cap.html]
[porto-demo13.myshopify.com/de/collections/latest-products/products/gentle-shoes.html]
[porto-demo13.myshopify.com/de/collections/latest-products/products/product-extended.html]
[porto-demo13.myshopify.com/de/collections/latest-products/products/sports-shoes.html]
[porto-demo13.myshopify.com/de/collections/latest-products/products/winter-towel.html]
[porto-demo13.myshopify.com/de/collections/latest-products/products/women-bag-1.html]
[porto-demo13.myshopify.com/de/collections/latest-products/products/women-red-bag.html]
[porto-demo13.myshopify.com/de/collections/top-rated-products.atom]
[porto-demo13.myshopify.com/de/collections/top-rated-products.oembed]
[porto-demo13.myshopify.com/de/collections/top-rated-products.html]
[porto-demo13.myshopify.com/de/collections/top-rated-products/products/POST.html]
[porto-demo13.myshopify.com/de/collections/best-selling-products/products/POST.html]
[porto-demo13.myshopify.com/de/collections/latest-products/products/POST.html]
[porto-demo13.myshopify.com/de/collections/t-shirts/products/women-red-bag.html]
[porto-demo13.myshopify.com/de/collections/t-shirts/products/winter-towel.html]
[porto-demo13.myshopify.com/de/collections/t-shirts/products/porto-white-cap.html]
[porto-demo13.myshopify.com/de/collections/t-shirts/products/men-belts.html]
[porto-demo13.myshopify.com/de/collections/watches/products/women-red-bag.html]
[porto-demo13.myshopify.com/de/collections/watches/products/women-bag.html]
[porto-demo13.myshopify.com/de/collections/watches/products/men-black-belts.html]
[porto-demo13.myshopify.com/de/collections/watches/products/men-belts.html]
[porto-demo13.myshopify.com/de/collections/watches/products/gentle-shoes.html]
[porto-demo13.myshopify.com/de/collections/toys/products/women-bag-1.html]
[porto-demo13.myshopify.com/de/collections/toys/products/sports-shoes.html]
[porto-demo13.myshopify.com/de/collections/toys/products/men-gentle-shoes.html]
[porto-demo13.myshopify.com/de/blogs/news/POST.html]
[porto-demo13.myshopify.com/fr/POST.html]
[porto-demo13.myshopify.com/fr/collections/POST.html]
[porto-demo13.myshopify.com/fr/collections/dress/products/women-bag.html]
[porto-demo13.myshopify.com/fr/collections/dress/products/winter-towel.html]
[porto-demo13.myshopify.com/fr/collections/dress/products/product-extended.html]
[porto-demo13.myshopify.com/fr/collections/dress/products/porto-gray-cap.html]
[porto-demo13.myshopify.com/fr/products/gentle-shoes.oembed]
[porto-demo13.myshopify.com/fr/products/gentle-shoes.html]
[porto-demo13.myshopify.com/fr/products/men-belts.oembed]
[porto-demo13.myshopify.com/fr/products/men-belts.html]
[porto-demo13.myshopify.com/fr/collections/headphone/products/product-extended.html]
[porto-demo13.myshopify.com/fr/collections/headphone/products/men-black-belts.html]
[porto-demo13.myshopify.com/fr/collections/shoes/products/sports-shoes.html]
[porto-demo13.myshopify.com/fr/collections/shoes/products/men-gentle-shoes.html]
[porto-demo13.myshopify.com/fr/collections/shoes/products/men-black-belts.html]
[porto-demo13.myshopify.com/fr/collections/shoes/products/gentle-shoes.html]
[porto-demo13.myshopify.com/fr/products/gentle-shoes95b3.html]
[porto-demo13.myshopify.com/fr/collections/trousers/products/women-bag-1.html]
[porto-demo13.myshopify.com/fr/collections/shop/products/gentle-shoes.html]
[porto-demo13.myshopify.com/fr/collections/shop/products/men-belts.html]
[porto-demo13.myshopify.com/fr/products/men-belts95b3.html]
[porto-demo13.myshopify.com/fr/collections/shop/products/men-gentle-shoes.html]
[porto-demo13.myshopify.com/fr/collections/shop/products/porto-gray-cap.html]
[porto-demo13.myshopify.com/fr/collections/shop/products/porto-white-cap.html]
[porto-demo13.myshopify.com/fr/collections/shop/products/product-extended.html]
[porto-demo13.myshopify.com/fr/collections/shop/products/sports-shoes.html]
[porto-demo13.myshopify.com/fr/collections/shop/products/winter-towel.html]
[porto-demo13.myshopify.com/fr/collections/shop/products/women-bag.html]
[porto-demo13.myshopify.com/fr/collections/shop/products/women-bag-1.html]
[porto-demo13.myshopify.com/fr/products/women-red-bag.oembed]
[porto-demo13.myshopify.com/fr/collections/shop/products/women-red-bag.html]
[porto-demo13.myshopify.com/fr/products/women-red-bag95b3.html]
[porto-demo13.myshopify.com/fr/products/women-red-bag.html]
[porto-demo13.myshopify.com/fr/pages/POST.html]
[porto-demo13.myshopify.com/fr/blogs/POST.html]
[porto-demo13.myshopify.com/fr/blogs/news/tagged/blog.atom]
[porto-demo13.myshopify.com/fr/blogs/news/tagged/blog.html]
[porto-demo13.myshopify.com/fr/blogs/news/tagged/clothing.atom]
[porto-demo13.myshopify.com/fr/blogs/news/tagged/clothing.html]
[porto-demo13.myshopify.com/fr/blogs/news/tagged/dresses.atom]
[porto-demo13.myshopify.com/fr/blogs/news/tagged/dresses.html]
[porto-demo13.myshopify.com/fr/blogs/news/tagged/fashion.atom]
[porto-demo13.myshopify.com/fr/blogs/news/tagged/fashion.html]
[porto-demo13.myshopify.com/fr/blogs/news/tagged/photography.atom]
[porto-demo13.myshopify.com/fr/blogs/news/tagged/photography.html]
[porto-demo13.myshopify.com/fr/blogs/news/tagged/shoes.atom]
[porto-demo13.myshopify.com/fr/blogs/news/tagged/shoes.html]
[porto-demo13.myshopify.com/fr/blogs/news/tagged/women.atom]
[porto-demo13.myshopify.com/fr/blogs/news/tagged/women.html]
[porto-demo13.myshopify.com/fr/account/POST.html]
[porto-demo13.myshopify.com/fr/collections/featured-products/products/POST.html]
[porto-demo13.myshopify.com/fr/collections/caps/products/porto-white-cap.html]
[porto-demo13.myshopify.com/fr/collections/caps/products/porto-gray-cap.html]
[porto-demo13.myshopify.com/fr/collections/latest-products/products/gentle-shoes.html]
[porto-demo13.myshopify.com/fr/collections/latest-products/products/product-extended.html]
[porto-demo13.myshopify.com/fr/collections/latest-products/products/sports-shoes.html]
[porto-demo13.myshopify.com/fr/collections/latest-products/products/winter-towel.html]
[porto-demo13.myshopify.com/fr/collections/latest-products/products/women-bag-1.html]
[porto-demo13.myshopify.com/fr/collections/latest-products/products/women-red-bag.html]
[porto-demo13.myshopify.com/fr/collections/top-rated-products.atom]
[porto-demo13.myshopify.com/fr/collections/top-rated-products.oembed]
[porto-demo13.myshopify.com/fr/collections/top-rated-products.html]
[porto-demo13.myshopify.com/fr/collections/top-rated-products/products/POST.html]
[porto-demo13.myshopify.com/fr/collections/best-selling-products/products/POST.html]
[porto-demo13.myshopify.com/fr/collections/latest-products/products/POST.html]
[porto-demo13.myshopify.com/fr/collections/t-shirts/products/women-red-bag.html]
[porto-demo13.myshopify.com/fr/collections/t-shirts/products/winter-towel.html]
[porto-demo13.myshopify.com/fr/collections/t-shirts/products/porto-white-cap.html]
[porto-demo13.myshopify.com/fr/collections/t-shirts/products/men-belts.html]
[porto-demo13.myshopify.com/fr/collections/watches/products/women-red-bag.html]
[porto-demo13.myshopify.com/fr/collections/watches/products/women-bag.html]
[porto-demo13.myshopify.com/fr/collections/watches/products/men-black-belts.html]
[porto-demo13.myshopify.com/fr/collections/watches/products/men-belts.html]
[porto-demo13.myshopify.com/fr/collections/watches/products/gentle-shoes.html]
[porto-demo13.myshopify.com/fr/collections/toys/products/women-bag-1.html]
[porto-demo13.myshopify.com/fr/collections/toys/products/sports-shoes.html]
[porto-demo13.myshopify.com/fr/collections/toys/products/men-gentle-shoes.html]
[porto-demo13.myshopify.com/fr/blogs/news/POST.html]
[porto-demo13.myshopify.com/de/account/register.html]
[porto-demo13.myshopify.com/fr/account/register.html]
[porto-demo13.myshopify.com/cart/POST.html]
[porto-demo13.myshopify.com/collections/dress/products/POST.html]
[porto-demo13.myshopify.com/products/POST.html]
[porto-demo13.myshopify.com/collections/headphone/products/POST.html]
[porto-demo13.myshopify.com/collections/shoes/products/POST.html]
[porto-demo13.myshopify.com/collections/trousers/products/POST.html]
[porto-demo13.myshopify.com/collections/shop/products/POST.html]
[porto-demo13.myshopify.com/blogs/news/tagged/POST.html]
[porto-demo13.myshopify.com/de/products/POST.html]
[porto-demo13.myshopify.com/fr/products/POST.html]
[porto-demo13.myshopify.com/collections/caps/products/POST.html]
[porto-demo13.myshopify.com/collections/t-shirts/products/POST.html]
[porto-demo13.myshopify.com/collections/watches/products/POST.html]
[porto-demo13.myshopify.com/collections/toys/products/POST.html]
[porto-demo13.myshopify.com/de/collections/dress/products/POST.html]
[porto-demo13.myshopify.com/de/collections/headphone/products/POST.html]
[porto-demo13.myshopify.com/de/collections/shoes/products/POST.html]
[porto-demo13.myshopify.com/de/collections/trousers/products/POST.html]
[porto-demo13.myshopify.com/de/collections/shop/products/POST.html]
[porto-demo13.myshopify.com/de/blogs/news/tagged/POST.html]
[porto-demo13.myshopify.com/de/collections/caps/products/POST.html]
[porto-demo13.myshopify.com/de/collections/t-shirts/products/POST.html]
[porto-demo13.myshopify.com/de/collections/watches/products/POST.html]
[porto-demo13.myshopify.com/de/collections/toys/products/POST.html]
[porto-demo13.myshopify.com/fr/collections/dress/products/POST.html]
[porto-demo13.myshopify.com/fr/collections/headphone/products/POST.html]
[porto-demo13.myshopify.com/fr/collections/shoes/products/POST.html]
[porto-demo13.myshopify.com/fr/collections/trousers/products/POST.html]
[porto-demo13.myshopify.com/fr/collections/shop/products/POST.html]
[porto-demo13.myshopify.com/fr/blogs/news/tagged/POST.html]
[porto-demo13.myshopify.com/fr/collections/caps/products/POST.html]
[porto-demo13.myshopify.com/fr/collections/t-shirts/products/POST.html]
[porto-demo13.myshopify.com/fr/collections/watches/products/POST.html]
[porto-demo13.myshopify.com/fr/collections/toys/products/POST.html]
